<?xml version="1.0" encoding="UTF-8"?>
<!-- Generated by org.testng.reporters.JUnitXMLReporter -->
<testsuite ignored="2" hostname="LAPTOP-BN628IA8" failures="0" tests="5" name="Racing" time="0.036" errors="0" timestamp="2023-10-20T11:57:56 EDT">
  <testcase classname="Test.Test3" name="MobileLoginRacing" time="0.003"/>
  <testcase classname="Test.Test3" name="MobileSignOutRacing" time="0.0"/>
  <testcase classname="Test.Test3" name="WebLoginRacing" time="0.0"/>
  <testcase classname="Test.Test3" name="WebLoginRacing" time="0.001"/>
  <testcase classname="Test.Test3" name="WebLoginRacing" time="0.004"/>
  <testcase classname="Test.Test3" name="MobileSignInRacing" time="0.0">
    <ignored/>
  </testcase> <!-- MobileSignInRacing -->
  <testcase classname="Test.Test3" name="APIRacing" time="0.0">
    <ignored/>
  </testcase> <!-- APIRacing -->
</testsuite> <!-- Racing -->
