<?xml version="1.0" encoding="UTF-8"?>
<!-- Generated by org.testng.reporters.JUnitXMLReporter -->
<testsuite ignored="8" hostname="LAPTOP-BN628IA8" failures="0" tests="3" name="Regression" time="0.04" errors="0" timestamp="2023-10-18T15:36:58 EDT">
  <testcase classname="Test.Test2" name="Forza" time="0.006"/>
  <testcase classname="Test.Test4" name="WebLoginHome" time="0.002"/>
  <testcase classname="Test.Test3" name="MobileSignOutRacing" time="0.002"/>
  <testcase classname="Test.Test4" name="LoginAPIHome" time="0.0">
    <ignored/>
  </testcase> <!-- LoginAPIHome -->
  <testcase classname="Test.Test3" name="MobileLoginRacing" time="0.0">
    <ignored/>
  </testcase> <!-- MobileLoginRacing -->
  <testcase classname="Test.Test1" name="Demo2" time="0.0">
    <ignored/>
  </testcase> <!-- Demo2 -->
  <testcase classname="Test.Test3" name="WebLoginRacing" time="0.0">
    <ignored/>
  </testcase> <!-- WebLoginRacing -->
  <testcase classname="Test.Test3" name="MobileSignInRacing" time="0.0">
    <ignored/>
  </testcase> <!-- MobileSignInRacing -->
  <testcase classname="Test.Test4" name="MobileLoginHome" time="0.0">
    <ignored/>
  </testcase> <!-- MobileLoginHome -->
  <testcase classname="Test.Test3" name="APIRacing" time="0.0">
    <ignored/>
  </testcase> <!-- APIRacing -->
  <testcase classname="Test.Test1" name="Demo" time="0.0">
    <ignored/>
  </testcase> <!-- Demo -->
</testsuite> <!-- Regression -->
