<?xml version="1.0" encoding="UTF-8"?>
<!-- Generated by org.testng.reporters.JUnitXMLReporter -->
<testsuite ignored="1" hostname="LAPTOP-BN628IA8" failures="1" tests="5" name="Sports Games" time="0.036" errors="0" timestamp="2023-10-20T11:57:56 EDT">
  <testcase classname="Test.Test1" name="Demo" time="0.008">
    <failure type="java.lang.AssertionError" message="expected [true] but found [false]">
      <![CDATA[java.lang.AssertionError: expected [true] but found [false]
at Test.Test1.Demo(Test1.java:20)
at java.base/java.util.ArrayList.forEach(ArrayList.java:1511)
at java.base/java.util.concurrent.FutureTask.run(FutureTask.java:264)
at java.base/java.util.concurrent.ThreadPoolExecutor.runWorker(ThreadPoolExecutor.java:1136)
at java.base/java.util.concurrent.ThreadPoolExecutor$Worker.run(ThreadPoolExecutor.java:635)
at java.base/java.lang.Thread.run(Thread.java:833)
... Removed 22 stack frames]]>
    </failure>
  </testcase> <!-- Demo -->
  <testcase classname="Test.Test2" name="Forza" time="0.001"/>
  <testcase classname="Test.Test4" name="LoginAPIHome" time="0.0"/>
  <testcase classname="Test.Test4" name="MobileLoginHome" time="0.004"/>
  <testcase classname="Test.Test4" name="WebLoginHome" time="0.0"/>
  <testcase classname="Test.Test1" name="Demo2" time="0.0">
    <ignored/>
  </testcase> <!-- Demo2 -->
</testsuite> <!-- Sports Games -->
